INFO 2025-08-18 14:17:18,410 autoreload Watching for file changes with StatReloader
INFO 2025-08-18 14:18:24,183 basehttp "GET /api/docs/ HTTP/1.1" 200 4657
INFO 2025-08-18 14:18:28,994 basehttp "GET /api/schema/ HTTP/1.1" 200 261802
INFO 2025-08-18 14:19:43,199 basehttp "GET /api/docs/ HTTP/1.1" 200 4657
INFO 2025-08-18 14:20:05,757 basehttp "GET /api/organizations/ HTTP/1.1" 200 15606
INFO 2025-08-18 14:20:05,961 basehttp "GET /static/rest_framework/css/default.css HTTP/1.1" 200 1152
INFO 2025-08-18 14:20:05,962 basehttp "GET /static/rest_framework/css/prettify.css HTTP/1.1" 200 817
INFO 2025-08-18 14:20:05,962 basehttp "GET /static/rest_framework/css/bootstrap-tweaks.css HTTP/1.1" 200 3426
INFO 2025-08-18 14:20:05,985 basehttp "GET /static/rest_framework/js/prettify-min.js HTTP/1.1" 200 13632
INFO 2025-08-18 14:20:05,995 basehttp "GET /static/rest_framework/js/csrf.js HTTP/1.1" 200 1793
INFO 2025-08-18 14:20:06,011 basehttp "GET /static/rest_framework/css/bootstrap.min.css HTTP/1.1" 200 121457
INFO 2025-08-18 14:20:06,013 basehttp "GET /static/rest_framework/js/jquery-3.7.1.min.js HTTP/1.1" 200 87533
INFO 2025-08-18 14:20:06,020 basehttp "GET /static/rest_framework/js/default.js HTTP/1.1" 200 1268
INFO 2025-08-18 14:20:06,041 basehttp "GET /static/rest_framework/js/bootstrap.min.js HTTP/1.1" 200 39680
INFO 2025-08-18 14:20:06,043 basehttp "GET /static/rest_framework/js/load-ajax-form.js HTTP/1.1" 200 59
INFO 2025-08-18 14:20:06,045 basehttp "GET /static/rest_framework/js/ajax-form.js HTTP/1.1" 200 3796
INFO 2025-08-18 14:20:06,078 basehttp "GET /static/rest_framework/img/grid.png HTTP/1.1" 200 1458
INFO 2025-08-18 14:20:06,102 basehttp "GET /static/rest_framework/fonts/glyphicons-halflings-regular.woff2 HTTP/1.1" 200 18028
WARNING 2025-08-18 14:20:06,272 log Not Found: /favicon.ico
WARNING 2025-08-18 14:20:06,274 basehttp "GET /favicon.ico HTTP/1.1" 404 3221
INFO 2025-08-18 14:20:13,328 basehttp "GET /api/organizations/ HTTP/1.1" 200 52
INFO 2025-08-18 14:21:09,383 basehttp "GET /api/organizations/ HTTP/1.1" 200 52
INFO 2025-08-18 14:21:31,008 basehttp "GET /api/services/ HTTP/1.1" 200 52
INFO 2025-08-18 14:34:41,840 basehttp "GET /api/queues/ HTTP/1.1" 200 52
WARNING 2025-08-18 14:42:00,817 log Unauthorized: /api/tickets/
WARNING 2025-08-18 14:42:00,819 basehttp "GET /api/tickets/ HTTP/1.1" 401 58
INFO 2025-08-18 16:52:10,615 basehttp "GET /api/service-categories/ HTTP/1.1" 200 52
WARNING 2025-08-18 16:53:25,186 log Unauthorized: /api/service-categories/
WARNING 2025-08-18 16:53:25,188 basehttp "POST /api/service-categories/ HTTP/1.1" 401 58
INFO 2025-08-19 11:55:07,213 basehttp "GET /api/organizations/ HTTP/1.1" 200 1088
INFO 2025-08-19 11:55:33,945 basehttp "GET /api/services/ HTTP/1.1" 200 3419
INFO 2025-08-19 11:55:59,502 basehttp "GET /api/queues/ HTTP/1.1" 200 4424
ERROR 2025-08-19 12:02:34,435 log Internal Server Error: /api/public/tickets/
Traceback (most recent call last):
  File "/home/aicha/projects/smartqueue_backend/venv/lib/python3.10/site-packages/django/core/handlers/exception.py", line 55, in inner
    response = get_response(request)
  File "/home/aicha/projects/smartqueue_backend/venv/lib/python3.10/site-packages/django/core/handlers/base.py", line 197, in _get_response
    response = wrapped_callback(request, *callback_args, **callback_kwargs)
  File "/home/aicha/projects/smartqueue_backend/venv/lib/python3.10/site-packages/django/views/decorators/csrf.py", line 56, in wrapper_view
    return view_func(*args, **kwargs)
  File "/home/aicha/projects/smartqueue_backend/venv/lib/python3.10/site-packages/rest_framework/viewsets.py", line 125, in view
    return self.dispatch(request, *args, **kwargs)
  File "/home/aicha/projects/smartqueue_backend/venv/lib/python3.10/site-packages/rest_framework/views.py", line 515, in dispatch
    response = self.handle_exception(exc)
  File "/home/aicha/projects/smartqueue_backend/venv/lib/python3.10/site-packages/rest_framework/views.py", line 475, in handle_exception
    self.raise_uncaught_exception(exc)
  File "/home/aicha/projects/smartqueue_backend/venv/lib/python3.10/site-packages/rest_framework/views.py", line 486, in raise_uncaught_exception
    raise exc
  File "/home/aicha/projects/smartqueue_backend/venv/lib/python3.10/site-packages/rest_framework/views.py", line 512, in dispatch
    response = handler(request, *args, **kwargs)
  File "/home/aicha/projects/smartqueue_backend/apps/tickets/views.py", line 547, in create
    response = super().create(request, *args, **kwargs)
AttributeError: 'super' object has no attribute 'create'
ERROR 2025-08-19 12:02:34,440 basehttp "POST /api/public/tickets/ HTTP/1.1" 500 94867
INFO 2025-08-19 12:03:09,925 autoreload /home/aicha/projects/smartqueue_backend/apps/tickets/views.py changed, reloading.
INFO 2025-08-19 12:03:12,970 autoreload Watching for file changes with StatReloader
INFO 2025-08-19 12:04:42,813 autoreload /home/aicha/projects/smartqueue_backend/apps/tickets/views.py changed, reloading.
INFO 2025-08-19 12:04:44,259 autoreload Watching for file changes with StatReloader
WARNING 2025-08-19 12:05:03,726 log Bad Request: /api/public/tickets/
WARNING 2025-08-19 12:05:03,727 basehttp "POST /api/public/tickets/ HTTP/1.1" 400 177
INFO 2025-08-19 12:05:36,793 basehttp "GET /api/queues/ HTTP/1.1" 200 4424
INFO 2025-08-19 12:05:58,621 basehttp "GET /api/queues/ HTTP/1.1" 200 4424
INFO 2025-08-19 12:06:24,925 basehttp "GET /api/services/ HTTP/1.1" 200 3419
WARNING 2025-08-19 12:12:01,292 log Bad Request: /api/public/tickets/
WARNING 2025-08-19 12:12:01,294 basehttp "POST /api/public/tickets/ HTTP/1.1" 400 42
INFO 2025-08-19 12:16:15,574 autoreload /home/aicha/projects/smartqueue_backend/apps/tickets/serializers.py changed, reloading.
INFO 2025-08-19 12:16:16,982 autoreload Watching for file changes with StatReloader
INFO 2025-08-19 15:13:44,094 autoreload Watching for file changes with StatReloader
ERROR 2025-08-19 15:14:00,989 log Internal Server Error: /api/public/tickets/
Traceback (most recent call last):
  File "/home/aicha/projects/smartqueue_backend/venv/lib/python3.10/site-packages/django/core/handlers/exception.py", line 55, in inner
    response = get_response(request)
  File "/home/aicha/projects/smartqueue_backend/venv/lib/python3.10/site-packages/django/core/handlers/base.py", line 197, in _get_response
    response = wrapped_callback(request, *callback_args, **callback_kwargs)
  File "/home/aicha/projects/smartqueue_backend/venv/lib/python3.10/site-packages/django/views/decorators/csrf.py", line 56, in wrapper_view
    return view_func(*args, **kwargs)
  File "/home/aicha/projects/smartqueue_backend/venv/lib/python3.10/site-packages/rest_framework/viewsets.py", line 125, in view
    return self.dispatch(request, *args, **kwargs)
  File "/home/aicha/projects/smartqueue_backend/venv/lib/python3.10/site-packages/rest_framework/views.py", line 515, in dispatch
    response = self.handle_exception(exc)
  File "/home/aicha/projects/smartqueue_backend/venv/lib/python3.10/site-packages/rest_framework/views.py", line 475, in handle_exception
    self.raise_uncaught_exception(exc)
  File "/home/aicha/projects/smartqueue_backend/venv/lib/python3.10/site-packages/rest_framework/views.py", line 486, in raise_uncaught_exception
    raise exc
  File "/home/aicha/projects/smartqueue_backend/venv/lib/python3.10/site-packages/rest_framework/views.py", line 512, in dispatch
    response = handler(request, *args, **kwargs)
  File "/home/aicha/projects/smartqueue_backend/apps/tickets/views.py", line 548, in create
    serializer.is_valid(raise_exception=True)
  File "/home/aicha/projects/smartqueue_backend/venv/lib/python3.10/site-packages/rest_framework/serializers.py", line 225, in is_valid
    self._validated_data = self.run_validation(self.initial_data)
  File "/home/aicha/projects/smartqueue_backend/venv/lib/python3.10/site-packages/rest_framework/serializers.py", line 447, in run_validation
    value = self.validate(value)
  File "/home/aicha/projects/smartqueue_backend/apps/tickets/serializers.py", line 296, in validate
    if queue and service and service not in queue.service.all():
AttributeError: 'Service' object has no attribute 'all'
ERROR 2025-08-19 15:14:01,008 basehttp "POST /api/public/tickets/ HTTP/1.1" 500 117468
INFO 2025-08-19 15:15:28,509 autoreload /home/aicha/projects/smartqueue_backend/apps/tickets/serializers.py changed, reloading.
INFO 2025-08-19 15:15:30,025 autoreload Watching for file changes with StatReloader
ERROR 2025-08-19 15:15:58,070 log Internal Server Error: /api/public/tickets/
Traceback (most recent call last):
  File "/home/aicha/projects/smartqueue_backend/venv/lib/python3.10/site-packages/django/db/models/query.py", line 916, in get_or_create
    return self.get(**kwargs), False
  File "/home/aicha/projects/smartqueue_backend/venv/lib/python3.10/site-packages/django/db/models/query.py", line 637, in get
    raise self.model.DoesNotExist(
apps.accounts.models.User.DoesNotExist: User matching query does not exist.

During handling of the above exception, another exception occurred:

Traceback (most recent call last):
  File "/home/aicha/projects/smartqueue_backend/venv/lib/python3.10/site-packages/django/db/backends/utils.py", line 89, in _execute
    return self.cursor.execute(sql, params)
  File "/home/aicha/projects/smartqueue_backend/venv/lib/python3.10/site-packages/django/db/backends/sqlite3/base.py", line 328, in execute
    return super().execute(query, params)
sqlite3.IntegrityError: UNIQUE constraint failed: accounts_user.username

The above exception was the direct cause of the following exception:

Traceback (most recent call last):
  File "/home/aicha/projects/smartqueue_backend/venv/lib/python3.10/site-packages/django/core/handlers/exception.py", line 55, in inner
    response = get_response(request)
  File "/home/aicha/projects/smartqueue_backend/venv/lib/python3.10/site-packages/django/core/handlers/base.py", line 197, in _get_response
    response = wrapped_callback(request, *callback_args, **callback_kwargs)
  File "/home/aicha/projects/smartqueue_backend/venv/lib/python3.10/site-packages/django/views/decorators/csrf.py", line 56, in wrapper_view
    return view_func(*args, **kwargs)
  File "/home/aicha/projects/smartqueue_backend/venv/lib/python3.10/site-packages/rest_framework/viewsets.py", line 125, in view
    return self.dispatch(request, *args, **kwargs)
  File "/home/aicha/projects/smartqueue_backend/venv/lib/python3.10/site-packages/rest_framework/views.py", line 515, in dispatch
    response = self.handle_exception(exc)
  File "/home/aicha/projects/smartqueue_backend/venv/lib/python3.10/site-packages/rest_framework/views.py", line 475, in handle_exception
    self.raise_uncaught_exception(exc)
  File "/home/aicha/projects/smartqueue_backend/venv/lib/python3.10/site-packages/rest_framework/views.py", line 486, in raise_uncaught_exception
    raise exc
  File "/home/aicha/projects/smartqueue_backend/venv/lib/python3.10/site-packages/rest_framework/views.py", line 512, in dispatch
    response = handler(request, *args, **kwargs)
  File "/home/aicha/projects/smartqueue_backend/apps/tickets/views.py", line 549, in create
    ticket = serializer.save()
  File "/home/aicha/projects/smartqueue_backend/venv/lib/python3.10/site-packages/rest_framework/serializers.py", line 210, in save
    self.instance = self.create(validated_data)
  File "/home/aicha/projects/smartqueue_backend/apps/tickets/serializers.py", line 343, in create
    customer, created = User.objects.get_or_create(
  File "/home/aicha/projects/smartqueue_backend/venv/lib/python3.10/site-packages/django/db/models/manager.py", line 87, in manager_method
    return getattr(self.get_queryset(), name)(*args, **kwargs)
  File "/home/aicha/projects/smartqueue_backend/venv/lib/python3.10/site-packages/django/db/models/query.py", line 923, in get_or_create
    return self.create(**params), True
  File "/home/aicha/projects/smartqueue_backend/venv/lib/python3.10/site-packages/django/db/models/query.py", line 658, in create
    obj.save(force_insert=True, using=self.db)
  File "/home/aicha/projects/smartqueue_backend/venv/lib/python3.10/site-packages/django/contrib/auth/base_user.py", line 76, in save
    super().save(*args, **kwargs)
  File "/home/aicha/projects/smartqueue_backend/venv/lib/python3.10/site-packages/django/db/models/base.py", line 814, in save
    self.save_base(
  File "/home/aicha/projects/smartqueue_backend/venv/lib/python3.10/site-packages/django/db/models/base.py", line 877, in save_base
    updated = self._save_table(
  File "/home/aicha/projects/smartqueue_backend/venv/lib/python3.10/site-packages/django/db/models/base.py", line 1020, in _save_table
    results = self._do_insert(
  File "/home/aicha/projects/smartqueue_backend/venv/lib/python3.10/site-packages/django/db/models/base.py", line 1061, in _do_insert
    return manager._insert(
  File "/home/aicha/projects/smartqueue_backend/venv/lib/python3.10/site-packages/django/db/models/manager.py", line 87, in manager_method
    return getattr(self.get_queryset(), name)(*args, **kwargs)
  File "/home/aicha/projects/smartqueue_backend/venv/lib/python3.10/site-packages/django/db/models/query.py", line 1805, in _insert
    return query.get_compiler(using=using).execute_sql(returning_fields)
  File "/home/aicha/projects/smartqueue_backend/venv/lib/python3.10/site-packages/django/db/models/sql/compiler.py", line 1822, in execute_sql
    cursor.execute(sql, params)
  File "/home/aicha/projects/smartqueue_backend/venv/lib/python3.10/site-packages/django/db/backends/utils.py", line 102, in execute
    return super().execute(sql, params)
  File "/home/aicha/projects/smartqueue_backend/venv/lib/python3.10/site-packages/django/db/backends/utils.py", line 67, in execute
    return self._execute_with_wrappers(
  File "/home/aicha/projects/smartqueue_backend/venv/lib/python3.10/site-packages/django/db/backends/utils.py", line 80, in _execute_with_wrappers
    return executor(sql, params, many, context)
  File "/home/aicha/projects/smartqueue_backend/venv/lib/python3.10/site-packages/django/db/backends/utils.py", line 84, in _execute
    with self.db.wrap_database_errors:
  File "/home/aicha/projects/smartqueue_backend/venv/lib/python3.10/site-packages/django/db/utils.py", line 91, in __exit__
    raise dj_exc_value.with_traceback(traceback) from exc_value
  File "/home/aicha/projects/smartqueue_backend/venv/lib/python3.10/site-packages/django/db/backends/utils.py", line 89, in _execute
    return self.cursor.execute(sql, params)
  File "/home/aicha/projects/smartqueue_backend/venv/lib/python3.10/site-packages/django/db/backends/sqlite3/base.py", line 328, in execute
    return super().execute(query, params)
django.db.utils.IntegrityError: UNIQUE constraint failed: accounts_user.username
ERROR 2025-08-19 15:15:58,076 basehttp "POST /api/public/tickets/ HTTP/1.1" 500 241422
INFO 2025-08-19 15:16:32,081 autoreload /home/aicha/projects/smartqueue_backend/apps/tickets/serializers.py changed, reloading.
INFO 2025-08-19 15:16:33,484 autoreload Watching for file changes with StatReloader
INFO 2025-08-19 15:16:53,314 basehttp "POST /api/public/tickets/ HTTP/1.1" 200 284
INFO 2025-08-19 15:29:09,348 autoreload /home/aicha/projects/smartqueue_backend/config/urls.py changed, reloading.
INFO 2025-08-19 15:29:10,596 autoreload Watching for file changes with StatReloader
INFO 2025-08-19 15:30:54,492 basehttp "GET /api/docs/ HTTP/1.1" 200 4657
INFO 2025-08-19 15:36:57,415 basehttp "POST /api/auth/register/ HTTP/1.1" 201 680
INFO 2025-08-19 15:37:19,708 basehttp "POST /api/auth/login/ HTTP/1.1" 200 698
INFO 2025-08-19 15:37:42,469 basehttp "GET /api/auth/profile/ HTTP/1.1" 200 552
INFO 2025-08-19 15:38:03,822 basehttp "GET /api/auth/status/ HTTP/1.1" 200 190
INFO 2025-08-19 15:45:23,644 autoreload /home/aicha/projects/smartqueue_backend/config/settings/base.py changed, reloading.
INFO 2025-08-19 15:45:26,502 autoreload Watching for file changes with StatReloader
INFO 2025-08-19 16:23:52,056 autoreload /home/aicha/projects/smartqueue_backend/config/urls.py changed, reloading.
INFO 2025-08-19 16:23:53,307 autoreload Watching for file changes with StatReloader
INFO 2025-08-19 16:24:33,436 basehttp "GET /api/appointment-slots/ HTTP/1.1" 200 52
WARNING 2025-08-19 16:25:09,497 log Unauthorized: /api/appointments/
WARNING 2025-08-19 16:25:09,498 basehttp "GET /api/appointments/ HTTP/1.1" 401 58
INFO 2025-08-19 16:29:40,075 basehttp "GET /api/docs/ HTTP/1.1" 200 4657
INFO 2025-08-19 16:29:41,952 basehttp "GET /api/schema/ HTTP/1.1" 200 350653
INFO 2025-08-19 23:37:09,461 autoreload /home/aicha/projects/smartqueue_backend/config/settings/base.py changed, reloading.
INFO 2025-08-19 23:37:57,188 autoreload Watching for file changes with StatReloader
INFO 2025-08-19 23:38:05,600 autoreload /home/aicha/projects/smartqueue_backend/config/urls.py changed, reloading.
INFO 2025-08-19 23:38:09,420 autoreload Watching for file changes with StatReloader
WARNING 2025-08-19 23:53:45,935 log Unauthorized: /api/notification-templates/
WARNING 2025-08-19 23:53:45,945 basehttp "GET /api/notification-templates/ HTTP/1.1" 401 58
INFO 2025-08-22 15:11:12,330 autoreload /home/aicha/projects/smartqueue_backend/config/urls.py changed, reloading.
INFO 2025-08-23 17:53:39,596 autoreload Watching for file changes with StatReloader
WARNING 2025-08-23 17:54:08,586 log Unauthorized: /api/analytics/api/organization-metrics/
WARNING 2025-08-23 17:54:08,587 basehttp "GET /api/analytics/api/organization-metrics/ HTTP/1.1" 401 58
INFO 2025-08-23 17:54:40,019 basehttp "GET /api/docs/ HTTP/1.1" 200 4657
WARNING 2025-08-23 17:55:06,353 log Unauthorized: /api/analytics/api/dashboard/
WARNING 2025-08-23 17:55:06,367 basehttp "GET /api/analytics/api/dashboard/ HTTP/1.1" 401 58
WARNING 2025-08-23 17:58:56,134 log Bad Request: /api/auth/login/
WARNING 2025-08-23 17:58:56,147 basehttp "POST /api/auth/login/ HTTP/1.1" 400 66
WARNING 2025-08-23 17:59:21,649 log Bad Request: /api/auth/login/
WARNING 2025-08-23 17:59:21,650 basehttp "POST /api/auth/login/ HTTP/1.1" 400 66
WARNING 2025-08-23 18:00:47,750 log Bad Request: /api/auth/token/
WARNING 2025-08-23 18:00:47,752 basehttp "POST /api/auth/token/ HTTP/1.1" 400 42
WARNING 2025-08-23 18:01:09,650 log Unauthorized: /api/auth/token/
WARNING 2025-08-23 18:01:09,651 basehttp "POST /api/auth/token/ HTTP/1.1" 401 79
INFO 2025-08-23 18:02:21,871 basehttp "POST /api/auth/token/ HTTP/1.1" 200 793
WARNING 2025-08-23 18:13:08,496 log Unauthorized: /api/analytics/api/dashboard/
WARNING 2025-08-23 18:13:08,498 basehttp "GET /api/analytics/api/dashboard/ HTTP/1.1" 401 10168
INFO 2025-08-23 18:13:08,809 basehttp "GET /static/rest_framework/css/bootstrap-tweaks.css HTTP/1.1" 200 3426
INFO 2025-08-23 18:13:08,810 basehttp "GET /static/rest_framework/css/default.css HTTP/1.1" 200 1152
INFO 2025-08-23 18:13:08,814 basehttp "GET /static/rest_framework/css/prettify.css HTTP/1.1" 200 817
INFO 2025-08-23 18:13:08,844 basehttp "GET /static/rest_framework/js/ajax-form.js HTTP/1.1" 200 3796
INFO 2025-08-23 18:13:08,861 basehttp "GET /static/rest_framework/js/default.js HTTP/1.1" 200 1268
INFO 2025-08-23 18:13:08,863 basehttp "GET /static/rest_framework/js/csrf.js HTTP/1.1" 200 1793
INFO 2025-08-23 18:13:08,865 basehttp "GET /static/rest_framework/js/jquery-3.7.1.min.js HTTP/1.1" 200 87533
INFO 2025-08-23 18:13:08,875 basehttp "GET /static/rest_framework/js/bootstrap.min.js HTTP/1.1" 200 39680
INFO 2025-08-23 18:13:08,879 basehttp "GET /static/rest_framework/js/prettify-min.js HTTP/1.1" 200 13632
INFO 2025-08-23 18:13:08,897 basehttp "GET /static/rest_framework/css/bootstrap.min.css HTTP/1.1" 200 121457
INFO 2025-08-23 18:13:08,948 basehttp "GET /static/rest_framework/js/load-ajax-form.js HTTP/1.1" 200 59
INFO 2025-08-23 18:13:08,982 basehttp "GET /static/rest_framework/img/grid.png HTTP/1.1" 200 1458
WARNING 2025-08-23 18:13:09,539 log Not Found: /favicon.ico
WARNING 2025-08-23 18:13:09,541 basehttp "GET /favicon.ico HTTP/1.1" 404 3765
INFO 2025-08-23 18:13:30,763 basehttp "GET /api/docs/ HTTP/1.1" 200 4657
INFO 2025-08-23 18:13:32,798 basehttp "GET /api/schema/ HTTP/1.1" 200 545854
WARNING 2025-08-23 18:14:41,599 log Unauthorized: /api/analytics/api/dashboard/
WARNING 2025-08-23 18:14:41,600 basehttp "GET /api/analytics/api/dashboard/?format=json HTTP/1.1" 401 58
WARNING 2025-08-23 18:14:42,110 log Not Found: /favicon.ico
WARNING 2025-08-23 18:14:42,121 basehttp "GET /favicon.ico HTTP/1.1" 404 3765
WARNING 2025-08-23 18:14:46,314 log Unauthorized: /api/analytics/api/dashboard/
WARNING 2025-08-23 18:14:46,316 basehttp "GET /api/analytics/api/dashboard/?format=api HTTP/1.1" 401 10223
ERROR 2025-08-23 18:16:26,674 log Internal Server Error: /api/analytics/api/dashboard/
Traceback (most recent call last):
  File "/home/aicha/projects/smartqueue_backend/venv/lib/python3.10/site-packages/django/core/handlers/exception.py", line 55, in inner
    response = get_response(request)
  File "/home/aicha/projects/smartqueue_backend/venv/lib/python3.10/site-packages/django/core/handlers/base.py", line 197, in _get_response
    response = wrapped_callback(request, *callback_args, **callback_kwargs)
  File "/home/aicha/projects/smartqueue_backend/venv/lib/python3.10/site-packages/django/views/decorators/csrf.py", line 56, in wrapper_view
    return view_func(*args, **kwargs)
  File "/home/aicha/projects/smartqueue_backend/venv/lib/python3.10/site-packages/django/views/generic/base.py", line 104, in view
    return self.dispatch(request, *args, **kwargs)
  File "/home/aicha/projects/smartqueue_backend/venv/lib/python3.10/site-packages/rest_framework/views.py", line 515, in dispatch
    response = self.handle_exception(exc)
  File "/home/aicha/projects/smartqueue_backend/venv/lib/python3.10/site-packages/rest_framework/views.py", line 475, in handle_exception
    self.raise_uncaught_exception(exc)
  File "/home/aicha/projects/smartqueue_backend/venv/lib/python3.10/site-packages/rest_framework/views.py", line 486, in raise_uncaught_exception
    raise exc
  File "/home/aicha/projects/smartqueue_backend/venv/lib/python3.10/site-packages/rest_framework/views.py", line 512, in dispatch
    response = handler(request, *args, **kwargs)
  File "/home/aicha/projects/smartqueue_backend/venv/lib/python3.10/site-packages/rest_framework/decorators.py", line 50, in handler
    return func(*args, **kwargs)
  File "/home/aicha/projects/smartqueue_backend/apps/analytics/views.py", line 319, in dashboard_overview
    peak_hours = OrganizationMetrics.objects.filter(
  File "/home/aicha/projects/smartqueue_backend/venv/lib/python3.10/site-packages/django/db/models/query.py", line 592, in aggregate
    return self.query.chain().get_aggregation(self.db, kwargs)
  File "/home/aicha/projects/smartqueue_backend/venv/lib/python3.10/site-packages/django/db/models/sql/query.py", line 554, in get_aggregation
    result = compiler.execute_sql(SINGLE)
  File "/home/aicha/projects/smartqueue_backend/venv/lib/python3.10/site-packages/django/db/models/sql/compiler.py", line 1549, in execute_sql
    sql, params = self.as_sql()
  File "/home/aicha/projects/smartqueue_backend/venv/lib/python3.10/site-packages/django/db/models/sql/compiler.py", line 736, in as_sql
    extra_select, order_by, group_by = self.pre_sql_setup(
  File "/home/aicha/projects/smartqueue_backend/venv/lib/python3.10/site-packages/django/db/models/sql/compiler.py", line 84, in pre_sql_setup
    self.setup_query(with_col_aliases=with_col_aliases)
  File "/home/aicha/projects/smartqueue_backend/venv/lib/python3.10/site-packages/django/db/models/sql/compiler.py", line 73, in setup_query
    self.select, self.klass_info, self.annotation_col_map = self.get_select(
  File "/home/aicha/projects/smartqueue_backend/venv/lib/python3.10/site-packages/django/db/models/sql/compiler.py", line 296, in get_select
    sql, params = self.compile(col)
  File "/home/aicha/projects/smartqueue_backend/venv/lib/python3.10/site-packages/django/db/models/sql/compiler.py", line 544, in compile
    sql, params = vendor_impl(self, self.connection)
  File "/home/aicha/projects/smartqueue_backend/venv/lib/python3.10/site-packages/django/db/models/expressions.py", line 28, in as_sqlite
    sql, params = self.as_sql(compiler, connection, **extra_context)
  File "/home/aicha/projects/smartqueue_backend/venv/lib/python3.10/site-packages/django/db/models/aggregates.py", line 143, in as_sql
    return super().as_sql(compiler, connection, **extra_context)
  File "/home/aicha/projects/smartqueue_backend/venv/lib/python3.10/site-packages/django/db/models/expressions.py", line 964, in as_sql
    connection.ops.check_expression_support(self)
  File "/home/aicha/projects/smartqueue_backend/venv/lib/python3.10/site-packages/django/db/backends/sqlite3/operations.py", line 57, in check_expression_support
    raise NotSupportedError(
django.db.utils.NotSupportedError: You cannot use Sum, Avg, StdDev, and Variance aggregations on date/time fields in sqlite3 since date/time is saved as text.
ERROR 2025-08-23 18:16:26,678 basehttp "GET /api/analytics/api/dashboard/ HTTP/1.1" 500 166066
INFO 2025-08-23 18:16:26,680 basehttp - Broken pipe from ('127.0.0.1', 53390)
INFO 2025-08-23 18:17:14,984 autoreload /home/aicha/projects/smartqueue_backend/apps/analytics/views.py changed, reloading.
INFO 2025-08-23 18:17:15,064 autoreload Watching for file changes with StatReloader
WARNING 2025-08-23 22:59:08,042 log Unauthorized: /api/analytics/api/dashboard/
WARNING 2025-08-23 22:59:08,044 basehttp "GET /api/analytics/api/dashboard/?format=api HTTP/1.1" 401 10223
WARNING 2025-08-23 22:59:10,704 log Unauthorized: /api/analytics/api/
WARNING 2025-08-23 22:59:10,705 basehttp "GET /api/analytics/api/?format=api HTTP/1.1" 401 9997
WARNING 2025-08-23 22:59:16,268 log Unauthorized: /api/
WARNING 2025-08-23 22:59:16,270 basehttp "GET /api/?format=api HTTP/1.1" 401 9819
WARNING 2025-08-23 22:59:19,902 log Unauthorized: /api/
WARNING 2025-08-23 22:59:19,909 basehttp "GET /api/?format=api HTTP/1.1" 401 9819
INFO 2025-08-23 23:03:09,712 basehttp "GET /api/analytics/api/dashboard/ HTTP/1.1" 200 895
WARNING 2025-08-23 23:03:40,346 log Unauthorized: /api/analytics/api/realtime/
WARNING 2025-08-23 23:03:40,347 basehttp "GET /api/analytics/api/realtime/ HTTP/1.1" 401 172
INFO 2025-08-23 23:04:57,117 basehttp "POST /api/auth/token/ HTTP/1.1" 200 793
INFO 2025-08-23 23:05:13,970 basehttp "GET /api/analytics/api/realtime/ HTTP/1.1" 200 1884
INFO 2025-08-25 11:29:42,891 autoreload /home/aicha/projects/smartqueue_backend/config/settings/base.py changed, reloading.
INFO 2025-08-25 13:01:01,778 autoreload Watching for file changes with StatReloader
INFO 2025-08-25 15:54:15,068 autoreload /home/aicha/projects/smartqueue_backend/config/settings/base.py changed, reloading.
INFO 2025-08-25 15:54:28,527 autoreload Watching for file changes with StatReloader
INFO 2025-08-25 16:55:55,893 autoreload Watching for file changes with StatReloader
WARNING 2025-08-25 16:56:25,324 log Not Found: /
WARNING 2025-08-25 16:56:25,344 basehttp "GET / HTTP/1.1" 404 3937
WARNING 2025-08-25 16:56:29,659 log Not Found: /favicon.ico
WARNING 2025-08-25 16:56:29,675 basehttp "GET /favicon.ico HTTP/1.1" 404 3988
INFO 2025-08-25 16:59:00,047 autoreload /home/aicha/projects/smartqueue_backend/apps/core/views.py changed, reloading.
INFO 2025-08-25 16:59:09,995 autoreload Watching for file changes with StatReloader
INFO 2025-08-25 16:59:29,651 autoreload /home/aicha/projects/smartqueue_backend/config/urls.py changed, reloading.
INFO 2025-08-25 16:59:37,452 autoreload Watching for file changes with StatReloader
INFO 2025-08-25 17:03:11,941 basehttp "GET / HTTP/1.1" 200 12004
INFO 2025-08-25 17:07:48,050 basehttp "GET /admin/ HTTP/1.1" 302 0
INFO 2025-08-25 17:07:48,326 basehttp "GET /admin/login/?next=/admin/ HTTP/1.1" 200 4237
INFO 2025-08-25 17:07:49,005 basehttp "GET /static/admin/js/nav_sidebar.js HTTP/1.1" 200 3063
INFO 2025-08-25 17:07:49,022 basehttp "GET /static/admin/css/login.css HTTP/1.1" 200 958
INFO 2025-08-25 17:07:49,050 basehttp "GET /static/admin/css/dark_mode.css HTTP/1.1" 200 2929
INFO 2025-08-25 17:07:49,068 basehttp "GET /static/admin/js/theme.js HTTP/1.1" 200 1943
INFO 2025-08-25 17:07:49,070 basehttp "GET /static/admin/css/nav_sidebar.css HTTP/1.1" 200 2694
INFO 2025-08-25 17:07:49,072 basehttp "GET /static/admin/css/base.css HTTP/1.1" 200 21310
INFO 2025-08-25 17:07:49,104 basehttp "GET /static/admin/css/responsive.css HTTP/1.1" 200 18559
INFO 2025-08-25 17:07:53,948 basehttp "POST /admin/login/?next=/admin/ HTTP/1.1" 200 4473
INFO 2025-08-25 17:08:13,772 basehttp "GET /admin/login/?next=/admin/ HTTP/1.1" 200 4237
WARNING 2025-08-25 17:08:23,190 log Unauthorized: /api/appointments/slots/
WARNING 2025-08-25 17:08:23,201 basehttp "GET /api/appointments/slots/ HTTP/1.1" 401 10221
INFO 2025-08-25 17:08:23,509 basehttp "GET /static/rest_framework/js/jquery-3.5.1.min.js HTTP/1.1" 200 89476
INFO 2025-08-25 17:08:23,589 basehttp "GET /static/rest_framework/css/prettify.css HTTP/1.1" 304 0
INFO 2025-08-25 17:08:23,607 basehttp "GET /static/rest_framework/css/bootstrap.min.css HTTP/1.1" 304 0
INFO 2025-08-25 17:08:23,608 basehttp "GET /static/rest_framework/js/ajax-form.js HTTP/1.1" 304 0
INFO 2025-08-25 17:08:23,611 basehttp "GET /static/rest_framework/css/default.css HTTP/1.1" 304 0
INFO 2025-08-25 17:08:23,634 basehttp "GET /static/rest_framework/js/csrf.js HTTP/1.1" 304 0
INFO 2025-08-25 17:08:23,644 basehttp "GET /static/rest_framework/css/bootstrap-tweaks.css HTTP/1.1" 304 0
INFO 2025-08-25 17:08:23,656 basehttp "GET /static/rest_framework/js/bootstrap.min.js HTTP/1.1" 304 0
INFO 2025-08-25 17:08:23,663 basehttp "GET /static/rest_framework/js/default.js HTTP/1.1" 304 0
INFO 2025-08-25 17:08:23,676 basehttp "GET /static/rest_framework/js/prettify-min.js HTTP/1.1" 304 0
INFO 2025-08-25 17:08:23,826 basehttp "GET /static/rest_framework/img/grid.png HTTP/1.1" 200 1458
WARNING 2025-08-25 17:08:32,653 log Unauthorized: /api/appointments/
WARNING 2025-08-25 17:08:32,658 basehttp "GET /api/appointments/ HTTP/1.1" 401 10035
WARNING 2025-08-25 17:08:45,975 log Not Found: /api/auth/users/
WARNING 2025-08-25 17:08:45,979 basehttp "GET /api/auth/users/ HTTP/1.1" 404 44143
WARNING 2025-08-25 17:08:53,566 log Not Found: /api/auth/
WARNING 2025-08-25 17:08:53,570 basehttp "GET /api/auth/ HTTP/1.1" 404 44125
WARNING 2025-08-25 17:09:01,552 log Unauthorized: /api/auth/profile/
WARNING 2025-08-25 17:09:01,555 basehttp "GET /api/auth/profile/ HTTP/1.1" 401 10017
WARNING 2025-08-25 17:09:07,625 log Method Not Allowed: /api/auth/login/
WARNING 2025-08-25 17:09:07,630 basehttp "GET /api/auth/login/ HTTP/1.1" 405 10544
INFO 2025-08-25 17:09:18,264 basehttp "GET /api/organizations/ HTTP/1.1" 200 21740
INFO 2025-08-25 17:09:18,577 basehttp "GET /static/rest_framework/fonts/glyphicons-halflings-regular.woff2 HTTP/1.1" 200 18028
WARNING 2025-08-25 17:09:34,734 log Not Found: /api/organizations/plans/
WARNING 2025-08-25 17:09:34,736 basehttp "GET /api/organizations/plans/ HTTP/1.1" 404 11376
INFO 2025-08-25 17:09:42,048 basehttp "GET /admin/organizations/ HTTP/1.1" 302 0
INFO 2025-08-25 17:09:42,130 basehttp "GET /admin/login/?next=/admin/organizations/ HTTP/1.1" 200 4265
INFO 2025-08-25 17:09:47,546 basehttp "POST /admin/login/?next=/admin/organizations/ HTTP/1.1" 200 4501
INFO 2025-08-25 17:09:51,454 basehttp "GET /admin/login/?next=/admin/organizations/ HTTP/1.1" 200 4265
WARNING 2025-08-25 17:10:01,673 log Not Found: /api/locations/traffic/
WARNING 2025-08-25 17:10:01,681 basehttp "GET /api/locations/traffic/ HTTP/1.1" 404 43758
WARNING 2025-08-25 17:10:10,788 log Not Found: /ws/location/updates/1/
WARNING 2025-08-25 17:10:10,794 basehttp "GET /ws/location/updates/1/ HTTP/1.1" 404 4134
INFO 2025-08-25 17:10:17,935 basehttp "GET /api/queues/ HTTP/1.1" 200 24628
WARNING 2025-08-25 17:10:31,465 log Not Found: /api/payments/orange/
WARNING 2025-08-25 17:10:31,475 basehttp "GET /api/payments/orange/ HTTP/1.1" 404 42810
WARNING 2025-08-25 17:10:36,031 log Not Found: /api/payments/wave/
WARNING 2025-08-25 17:10:36,033 basehttp "GET /api/payments/wave/ HTTP/1.1" 404 42804
WARNING 2025-08-25 17:10:44,435 log Unauthorized: /api/appointments/conflicts/
WARNING 2025-08-25 17:10:44,445 basehttp "GET /api/appointments/conflicts/ HTTP/1.1" 401 10241
INFO 2025-08-25 17:11:00,864 basehttp "GET /api/schema/ HTTP/1.1" 200 312071
INFO 2025-08-25 17:11:08,625 basehttp "GET /api/docs/ HTTP/1.1" 200 4657
INFO 2025-08-25 17:11:13,774 basehttp "GET /api/schema/ HTTP/1.1" 200 596265
INFO 2025-08-25 17:16:20,966 autoreload Watching for file changes with StatReloader
WARNING 2025-08-25 17:26:14,242 log Not Found: /ws/admin/dashboard/
WARNING 2025-08-25 17:26:14,256 basehttp "GET /ws/admin/dashboard/ HTTP/1.1" 404 4125
WARNING 2025-08-25 17:26:37,730 log Not Found: /api/payments/orange/
WARNING 2025-08-25 17:26:37,733 basehttp "GET /api/payments/orange/ HTTP/1.1" 404 42810
WARNING 2025-08-25 17:31:40,583 log Unauthorized: /api/auth/profile/
WARNING 2025-08-25 17:31:40,601 basehttp "GET /api/auth/profile/ HTTP/1.1" 401 58
WARNING 2025-08-25 21:24:27,898 log Unauthorized: /api/notifications/sms/
WARNING 2025-08-25 21:24:27,899 basehttp "GET /api/notifications/sms/ HTTP/1.1" 401 10204
